\BOOKMARK [1][-]{section.1}{Introduction}{}% 1
\BOOKMARK [2][-]{subsection.1.1}{The Company \046 the Problem}{section.1}% 2
\BOOKMARK [3][-]{subsubsection.1.1.1}{Knowit Initial Requirements}{subsection.1.1}% 3
\BOOKMARK [2][-]{subsection.1.2}{Objective}{section.1}% 4
\BOOKMARK [2][-]{subsection.1.3}{Demarcations}{section.1}% 5
\BOOKMARK [1][-]{section.2}{Theory}{}% 6
\BOOKMARK [2][-]{subsection.2.1}{Design}{section.2}% 7
\BOOKMARK [3][-]{subsubsection.2.1.1}{UI Design Applications}{subsection.2.1}% 8
\BOOKMARK [3][-]{subsubsection.2.1.2}{Figma}{subsection.2.1}% 9
\BOOKMARK [3][-]{subsubsection.2.1.3}{Figma Components}{subsection.2.1}% 10
\BOOKMARK [3][-]{subsubsection.2.1.4}{Figma Styles}{subsection.2.1}% 11
\BOOKMARK [2][-]{subsection.2.2}{Competitors}{section.2}% 12
\BOOKMARK [3][-]{subsubsection.2.2.1}{Webflow}{subsection.2.2}% 13
\BOOKMARK [3][-]{subsubsection.2.2.2}{Visly}{subsection.2.2}% 14
\BOOKMARK [3][-]{subsubsection.2.2.3}{Bravo}{subsection.2.2}% 15
\BOOKMARK [3][-]{subsubsection.2.2.4}{Comparison}{subsection.2.2}% 16
\BOOKMARK [2][-]{subsection.2.3}{Develop}{section.2}% 17
\BOOKMARK [3][-]{subsubsection.2.3.1}{REST API}{subsection.2.3}% 18
\BOOKMARK [3][-]{subsubsection.2.3.2}{Syntactically Awesome Style Sheets \(SASS\)}{subsection.2.3}% 19
\BOOKMARK [3][-]{subsubsection.2.3.3}{Web Components}{subsection.2.3}% 20
\BOOKMARK [3][-]{subsubsection.2.3.4}{LitElements}{subsection.2.3}% 21
\BOOKMARK [2][-]{subsection.2.4}{Distribute}{section.2}% 22
\BOOKMARK [3][-]{subsubsection.2.4.1}{Package Manager}{subsection.2.4}% 23
\BOOKMARK [2][-]{subsection.2.5}{Semi-Structured Interviews}{section.2}% 24
\BOOKMARK [2][-]{subsection.2.6}{User testing}{section.2}% 25
\BOOKMARK [2][-]{subsection.2.7}{A/B Testing}{section.2}% 26
\BOOKMARK [2][-]{subsection.2.8}{Statistical analysis}{section.2}% 27
\BOOKMARK [1][-]{section.3}{Method}{}% 28
\BOOKMARK [2][-]{subsection.3.1}{Workflow}{section.3}% 29
\BOOKMARK [2][-]{subsection.3.2}{Literature study}{section.3}% 30
\BOOKMARK [2][-]{subsection.3.3}{Creating the tool}{section.3}% 31
\BOOKMARK [2][-]{subsection.3.4}{Interviews from Knowit}{section.3}% 32
\BOOKMARK [2][-]{subsection.3.5}{User testing}{section.3}% 33
\BOOKMARK [2][-]{subsection.3.6}{ Finalized Prototype }{section.3}% 34
\BOOKMARK [2][-]{subsection.3.7}{ AB Testing }{section.3}% 35
\BOOKMARK [1][-]{section.4}{Result}{}% 36
\BOOKMARK [1][-]{section.5}{Discussion}{}% 37
