This is pdfTeX, Version 3.14159265-2.6-1.40.21 (TeX Live 2020) (preloaded format=pdflatex 2021.1.6)  5 JUL 2021 22:45
entering extended mode
 restricted \write18 enabled.
 file:line:error style messages enabled.
 %&-line parsing enabled.
**Main.tex
(./Main.tex
LaTeX2e <2020-02-02> patch level 5
L3 programming layer <2020-03-06>
(/usr/local/texlive/2020/texmf-dist/tex/latex/base/article.cls
Document Class: article 2019/12/20 v1.4l Standard LaTeX document class
(/usr/local/texlive/2020/texmf-dist/tex/latex/base/size10.clo
File: size10.clo 2019/12/20 v1.4l Standard LaTeX file (size option)
)
\c@part=\count167
\c@section=\count168
\c@subsection=\count169
\c@subsubsection=\count170
\c@paragraph=\count171
\c@subparagraph=\count172
\c@figure=\count173
\c@table=\count174
\abovecaptionskip=\skip47
\belowcaptionskip=\skip48
\bibindent=\dimen134
)
(/usr/local/texlive/2020/texmf-dist/tex/latex/base/inputenc.sty
Package: inputenc 2018/08/11 v1.3c Input encoding file
\inpenc@prehook=\toks15
\inpenc@posthook=\toks16
)
(/usr/local/texlive/2020/texmf-dist/tex/latex/base/fontenc.sty
Package: fontenc 2020/02/11 v2.0o Standard LaTeX package
)
(/usr/local/texlive/2020/texmf-dist/tex/generic/babel/babel.sty
Package: babel 2020/03/22 3.42 The Babel package

(/usr/local/texlive/2020/texmf-dist/tex/generic/babel/switch.def
File: switch.def 2020/03/22 3.42 Babel switching mechanism
)
(/usr/local/texlive/2020/texmf-dist/tex/generic/babel-english/english.ldf
Language: english 2017/06/06 v3.3r English support from the babel system

(/usr/local/texlive/2020/texmf-dist/tex/generic/babel/babel.def
File: babel.def 2020/03/22 3.42 Babel common definitions
\babel@savecnt=\count175
\U@D=\dimen135

(/usr/local/texlive/2020/texmf-dist/tex/generic/babel/txtbabel.def)
\bbl@readstream=\read2
\bbl@dirlevel=\count176
)
Package babel Info: \l@canadian = using hyphenrules for english
(babel)             (\language0) on input line 102.
Package babel Info: \l@australian = using hyphenrules for ukenglish
(babel)             (\language21) on input line 105.
Package babel Info: \l@newzealand = using hyphenrules for ukenglish
(babel)             (\language21) on input line 108.
))
(/usr/local/texlive/2020/texmf-dist/tex/latex/subfiles/subfiles.sty
Package: subfiles 2020/02/14 v1.6 Multi-file projects (package)

(/usr/local/texlive/2020/texmf-dist/tex/latex/import/import.sty
Package: import 2020/01/22  v 6.0
))
(/usr/local/texlive/2020/texmf-dist/tex/latex/hyperref/hyperref.sty
Package: hyperref 2020/01/14 v7.00d Hypertext links for LaTeX

(/usr/local/texlive/2020/texmf-dist/tex/generic/ltxcmds/ltxcmds.sty
Package: ltxcmds 2019/12/15 v1.24 LaTeX kernel commands for general use (HO)
)
(/usr/local/texlive/2020/texmf-dist/tex/generic/iftex/iftex.sty
Package: iftex 2020/03/06 v1.0d TeX engine tests
)
(/usr/local/texlive/2020/texmf-dist/tex/latex/pdftexcmds/pdftexcmds.sty
Package: pdftexcmds 2019/11/24 v0.31 Utility functions of pdfTeX for LuaTeX (HO
)

(/usr/local/texlive/2020/texmf-dist/tex/generic/infwarerr/infwarerr.sty
Package: infwarerr 2019/12/03 v1.5 Providing info/warning/error messages (HO)
)
Package pdftexcmds Info: \pdf@primitive is available.
Package pdftexcmds Info: \pdf@ifprimitive is available.
Package pdftexcmds Info: \pdfdraftmode found.
)
(/usr/local/texlive/2020/texmf-dist/tex/latex/graphics/keyval.sty
Package: keyval 2014/10/28 v1.15 key=value parser (DPC)
\KV@toks@=\toks17
)
(/usr/local/texlive/2020/texmf-dist/tex/generic/kvsetkeys/kvsetkeys.sty
Package: kvsetkeys 2019/12/15 v1.18 Key value parser (HO)
)
(/usr/local/texlive/2020/texmf-dist/tex/generic/kvdefinekeys/kvdefinekeys.sty
Package: kvdefinekeys 2019-12-19 v1.6 Define keys (HO)
)
(/usr/local/texlive/2020/texmf-dist/tex/generic/pdfescape/pdfescape.sty
Package: pdfescape 2019/12/09 v1.15 Implements pdfTeX's escape features (HO)
)
(/usr/local/texlive/2020/texmf-dist/tex/latex/hycolor/hycolor.sty
Package: hycolor 2020-01-27 v1.10 Color options for hyperref/bookmark (HO)
)
(/usr/local/texlive/2020/texmf-dist/tex/latex/letltxmacro/letltxmacro.sty
Package: letltxmacro 2019/12/03 v1.6 Let assignment for LaTeX macros (HO)
)
(/usr/local/texlive/2020/texmf-dist/tex/latex/auxhook/auxhook.sty
Package: auxhook 2019-12-17 v1.6 Hooks for auxiliary files (HO)
)
(/usr/local/texlive/2020/texmf-dist/tex/latex/kvoptions/kvoptions.sty
Package: kvoptions 2019/11/29 v3.13 Key value format for package options (HO)
)
\@linkdim=\dimen136
\Hy@linkcounter=\count177
\Hy@pagecounter=\count178

(/usr/local/texlive/2020/texmf-dist/tex/latex/hyperref/pd1enc.def
File: pd1enc.def 2020/01/14 v7.00d Hyperref: PDFDocEncoding definition (HO)
Now handling font encoding PD1 ...
... no UTF-8 mapping file for font encoding PD1
)
(/usr/local/texlive/2020/texmf-dist/tex/generic/intcalc/intcalc.sty
Package: intcalc 2019/12/15 v1.3 Expandable calculations with integers (HO)
)
(/usr/local/texlive/2020/texmf-dist/tex/generic/etexcmds/etexcmds.sty
Package: etexcmds 2019/12/15 v1.7 Avoid name clashes with e-TeX commands (HO)
)
\Hy@SavedSpaceFactor=\count179
Package hyperref Info: Hyper figures OFF on input line 4547.
Package hyperref Info: Link nesting OFF on input line 4552.
Package hyperref Info: Hyper index ON on input line 4555.
Package hyperref Info: Plain pages OFF on input line 4562.
Package hyperref Info: Backreferencing OFF on input line 4567.
Package hyperref Info: Implicit mode ON; LaTeX internals redefined.
Package hyperref Info: Bookmarks ON on input line 4800.
\c@Hy@tempcnt=\count180

(/usr/local/texlive/2020/texmf-dist/tex/latex/url/url.sty
\Urlmuskip=\muskip16
Package: url 2013/09/16  ver 3.4  Verb mode for urls, etc.
)
LaTeX Info: Redefining \url on input line 5159.
\XeTeXLinkMargin=\dimen137

(/usr/local/texlive/2020/texmf-dist/tex/generic/bitset/bitset.sty
Package: bitset 2019/12/09 v1.3 Handle bit-vector datatype (HO)

(/usr/local/texlive/2020/texmf-dist/tex/generic/bigintcalc/bigintcalc.sty
Package: bigintcalc 2019/12/15 v1.5 Expandable calculations on big integers (HO
)
))
\Fld@menulength=\count181
\Field@Width=\dimen138
\Fld@charsize=\dimen139
Package hyperref Info: Hyper figures OFF on input line 6430.
Package hyperref Info: Link nesting OFF on input line 6435.
Package hyperref Info: Hyper index ON on input line 6438.
Package hyperref Info: backreferencing OFF on input line 6445.
Package hyperref Info: Link coloring OFF on input line 6450.
Package hyperref Info: Link coloring with OCG OFF on input line 6455.
Package hyperref Info: PDF/A mode OFF on input line 6460.
LaTeX Info: Redefining \ref on input line 6500.
LaTeX Info: Redefining \pageref on input line 6504.

(/usr/local/texlive/2020/texmf-dist/tex/generic/atbegshi/atbegshi.sty
Package: atbegshi 2019/12/05 v1.19 At begin shipout hook (HO)
)
\Hy@abspage=\count182
\c@Item=\count183
\c@Hfootnote=\count184
)
Package hyperref Info: Driver (autodetected): hpdftex.

(/usr/local/texlive/2020/texmf-dist/tex/latex/hyperref/hpdftex.def
File: hpdftex.def 2020/01/14 v7.00d Hyperref driver for pdfTeX

(/usr/local/texlive/2020/texmf-dist/tex/latex/atveryend/atveryend.sty
Package: atveryend 2019-12-11 v1.11 Hooks at the very end of document (HO)
Package atveryend Info: \enddocument detected (standard20110627).
)
\Fld@listcount=\count185
\c@bookmark@seq@number=\count186

(/usr/local/texlive/2020/texmf-dist/tex/latex/rerunfilecheck/rerunfilecheck.sty
Package: rerunfilecheck 2019/12/05 v1.9 Rerun checks for auxiliary files (HO)

(/usr/local/texlive/2020/texmf-dist/tex/generic/uniquecounter/uniquecounter.sty
Package: uniquecounter 2019/12/15 v1.4 Provide unlimited unique counter (HO)
)
Package uniquecounter Info: New unique counter `rerunfilecheck' on input line 2
86.
)
\Hy@SectionHShift=\skip49
) (/usr/local/texlive/2020/texmf-dist/tex/latex/parskip/parskip.sty
Package: parskip 2020-01-22 v2.0d non-zero parskip adjustments

(/usr/local/texlive/2020/texmf-dist/tex/latex/etoolbox/etoolbox.sty
Package: etoolbox 2019/09/21 v2.5h e-TeX tools for LaTeX (JAW)
\etb@tempcnta=\count187
))
(/usr/local/texlive/2020/texmf-dist/tex/latex/csquotes/csquotes.sty
Package: csquotes 2019-12-06 v5.2j context-sensitive quotations (JAW)
\csq@reset=\count188
\csq@gtype=\count189
\csq@glevel=\count190
\csq@qlevel=\count191
\csq@maxlvl=\count192
\csq@tshold=\count193
\csq@ltx@everypar=\toks18

(/usr/local/texlive/2020/texmf-dist/tex/latex/csquotes/csquotes.def
File: csquotes.def 2019-12-06 v5.2j csquotes generic definitions (JAW)
)
Package csquotes Info: Trying to load configuration file 'csquotes.cfg'...
Package csquotes Info: ... configuration file loaded successfully.

(/usr/local/texlive/2020/texmf-dist/tex/latex/csquotes/csquotes.cfg
File: csquotes.cfg 
))
(/usr/local/texlive/2020/texmf-dist/tex/latex/graphics/graphicx.sty
Package: graphicx 2019/11/30 v1.2a Enhanced LaTeX Graphics (DPC,SPQR)

(/usr/local/texlive/2020/texmf-dist/tex/latex/graphics/graphics.sty
Package: graphics 2019/11/30 v1.4a Standard LaTeX Graphics (DPC,SPQR)

(/usr/local/texlive/2020/texmf-dist/tex/latex/graphics/trig.sty
Package: trig 2016/01/03 v1.10 sin cos tan (DPC)
)
(/usr/local/texlive/2020/texmf-dist/tex/latex/graphics-cfg/graphics.cfg
File: graphics.cfg 2016/06/04 v1.11 sample graphics configuration
)
Package graphics Info: Driver file: pdftex.def on input line 105.

(/usr/local/texlive/2020/texmf-dist/tex/latex/graphics-def/pdftex.def
File: pdftex.def 2018/01/08 v1.0l Graphics/color driver for pdftex
))
\Gin@req@height=\dimen140
\Gin@req@width=\dimen141
)
(/usr/local/texlive/2020/texmf-dist/tex/latex/pdfpages/pdfpages.sty
Package: pdfpages 2020/01/28 v0.5q Insert pages of external PDF documents (AM)

(/usr/local/texlive/2020/texmf-dist/tex/latex/base/ifthen.sty
Package: ifthen 2014/09/29 v1.1c Standard LaTeX ifthen package (DPC)
)
(/usr/local/texlive/2020/texmf-dist/tex/latex/tools/calc.sty
Package: calc 2017/05/25 v4.3 Infix arithmetic (KKT,FJ)
\calc@Acount=\count194
\calc@Bcount=\count195
\calc@Adimen=\dimen142
\calc@Bdimen=\dimen143
\calc@Askip=\skip50
\calc@Bskip=\skip51
LaTeX Info: Redefining \setlength on input line 80.
LaTeX Info: Redefining \addtolength on input line 81.
\calc@Ccount=\count196
\calc@Cskip=\skip52
)
(/usr/local/texlive/2020/texmf-dist/tex/latex/eso-pic/eso-pic.sty
Package: eso-pic 2018/04/12 v2.0h eso-pic (RN)

(/usr/local/texlive/2020/texmf-dist/tex/latex/xcolor/xcolor.sty
Package: xcolor 2016/05/11 v2.12 LaTeX color extensions (UK)

(/usr/local/texlive/2020/texmf-dist/tex/latex/graphics-cfg/color.cfg
File: color.cfg 2016/01/02 v1.6 sample color configuration
)
Package xcolor Info: Driver file: pdftex.def on input line 225.
Package xcolor Info: Model `cmy' substituted by `cmy0' on input line 1348.
Package xcolor Info: Model `hsb' substituted by `rgb' on input line 1352.
Package xcolor Info: Model `RGB' extended on input line 1364.
Package xcolor Info: Model `HTML' substituted by `rgb' on input line 1366.
Package xcolor Info: Model `Hsb' substituted by `hsb' on input line 1367.
Package xcolor Info: Model `tHsb' substituted by `hsb' on input line 1368.
Package xcolor Info: Model `HSB' substituted by `hsb' on input line 1369.
Package xcolor Info: Model `Gray' substituted by `gray' on input line 1370.
Package xcolor Info: Model `wave' substituted by `hsb' on input line 1371.
))
\AM@pagewidth=\dimen144
\AM@pageheight=\dimen145

(/usr/local/texlive/2020/texmf-dist/tex/latex/pdfpages/pppdftex.def
File: pppdftex.def 2020/01/28 v0.5q Pdfpages driver for pdfTeX (AM)
)
\AM@pagebox=\box45
\AM@global@opts=\toks19
\AM@pagecnt=\count197
\AM@toc@title=\toks20
\c@AM@survey=\count198
\AM@templatesizebox=\box46
)
(/usr/local/texlive/2020/texmf-dist/tex/latex/appendix/appendix.sty
Package: appendix 2020/02/08 v1.2c extra appendix facilities
\c@@pps=\count199
\c@@ppsavesec=\count266
\c@@ppsaveapp=\count267
)
(/usr/local/texlive/2020/texmf-dist/tex/latex/float/float.sty
Package: float 2001/11/08 v1.3d Float enhancements (AL)
\c@float@type=\count268
\float@exts=\toks21
\float@box=\box47
\@float@everytoks=\toks22
\@floatcapt=\box48
)
(/usr/local/texlive/2020/texmf-dist/tex/latex/biblatex/biblatex.sty
Package: biblatex 2019/12/01 v3.14 programmable bibliographies (PK/MW)

(/usr/local/texlive/2020/texmf-dist/tex/latex/logreq/logreq.sty
Package: logreq 2010/08/04 v1.0 xml request logger
\lrq@indent=\count269

(/usr/local/texlive/2020/texmf-dist/tex/latex/logreq/logreq.def
File: logreq.def 2010/08/04 v1.0 logreq spec v1.0
))
\c@tabx@nest=\count270
\c@listtotal=\count271
\c@listcount=\count272
\c@liststart=\count273
\c@liststop=\count274
\c@citecount=\count275
\c@citetotal=\count276
\c@multicitecount=\count277
\c@multicitetotal=\count278
\c@instcount=\count279
\c@maxnames=\count280
\c@minnames=\count281
\c@maxitems=\count282
\c@minitems=\count283
\c@citecounter=\count284
\c@maxcitecounter=\count285
\c@savedcitecounter=\count286
\c@uniquelist=\count287
\c@uniquename=\count288
\c@refsection=\count289
\c@refsegment=\count290
\c@maxextratitle=\count291
\c@maxextratitleyear=\count292
\c@maxextraname=\count293
\c@maxextradate=\count294
\c@maxextraalpha=\count295
\c@abbrvpenalty=\count296
\c@highnamepenalty=\count297
\c@lownamepenalty=\count298
\c@maxparens=\count299
\c@parenlevel=\count300
\blx@tempcnta=\count301
\blx@tempcntb=\count302
\blx@tempcntc=\count303
\blx@maxsection=\count304
\blx@maxsegment@0=\count305
\blx@notetype=\count306
\blx@parenlevel@text=\count307
\blx@parenlevel@foot=\count308
\blx@sectionciteorder@0=\count309
\blx@entrysetcounter=\count310
\labelnumberwidth=\skip53
\labelalphawidth=\skip54
\biblabelsep=\skip55
\bibitemsep=\skip56
\bibnamesep=\skip57
\bibinitsep=\skip58
\bibparsep=\skip59
\bibhang=\skip60
\blx@bcfin=\read3
\blx@bcfout=\write3
\blx@langwohyphens=\language86
\c@mincomprange=\count311
\c@maxcomprange=\count312
\c@mincompwidth=\count313
Package biblatex Info: Trying to load biblatex default data model...
Package biblatex Info: ... file 'blx-dm.def' found.

(/usr/local/texlive/2020/texmf-dist/tex/latex/biblatex/blx-dm.def
File: blx-dm.def 2019/12/01 v3.14 biblatex localization (PK/MW)
)
Package biblatex Info: Trying to load biblatex style data model...
Package biblatex Info: ... file 'ieee.dbx' not found.
Package biblatex Info: Trying to load biblatex custom data model...
Package biblatex Info: ... file 'biblatex-dm.cfg' not found.
\c@afterword=\count314
\c@savedafterword=\count315
\c@annotator=\count316
\c@savedannotator=\count317
\c@author=\count318
\c@savedauthor=\count319
\c@bookauthor=\count320
\c@savedbookauthor=\count321
\c@commentator=\count322
\c@savedcommentator=\count323
\c@editor=\count324
\c@savededitor=\count325
\c@editora=\count326
\c@savededitora=\count327
\c@editorb=\count328
\c@savededitorb=\count329
\c@editorc=\count330
\c@savededitorc=\count331
\c@foreword=\count332
\c@savedforeword=\count333
\c@holder=\count334
\c@savedholder=\count335
\c@introduction=\count336
\c@savedintroduction=\count337
\c@namea=\count338
\c@savednamea=\count339
\c@nameb=\count340
\c@savednameb=\count341
\c@namec=\count342
\c@savednamec=\count343
\c@translator=\count344
\c@savedtranslator=\count345
\c@shortauthor=\count346
\c@savedshortauthor=\count347
\c@shorteditor=\count348
\c@savedshorteditor=\count349
\c@labelname=\count350
\c@savedlabelname=\count351
\c@institution=\count352
\c@savedinstitution=\count353
\c@lista=\count354
\c@savedlista=\count355
\c@listb=\count356
\c@savedlistb=\count357
\c@listc=\count358
\c@savedlistc=\count359
\c@listd=\count360
\c@savedlistd=\count361
\c@liste=\count362
\c@savedliste=\count363
\c@listf=\count364
\c@savedlistf=\count365
\c@location=\count366
\c@savedlocation=\count367
\c@organization=\count368
\c@savedorganization=\count369
\c@origlocation=\count370
\c@savedoriglocation=\count371
\c@origpublisher=\count372
\c@savedorigpublisher=\count373
\c@publisher=\count374
\c@savedpublisher=\count375
\c@language=\count376
\c@savedlanguage=\count377
\c@origlanguage=\count378
\c@savedoriglanguage=\count379
\c@pageref=\count380
\c@savedpageref=\count381
\shorthandwidth=\skip61
\shortjournalwidth=\skip62
\shortserieswidth=\skip63
\shorttitlewidth=\skip64
\shortauthorwidth=\skip65
\shorteditorwidth=\skip66
\locallabelnumberwidth=\skip67
\locallabelalphawidth=\skip68
\localshorthandwidth=\skip69
\localshortjournalwidth=\skip70
\localshortserieswidth=\skip71
\localshorttitlewidth=\skip72
\localshortauthorwidth=\skip73
\localshorteditorwidth=\skip74
Package biblatex Info: Trying to load compatibility code...
Package biblatex Info: ... file 'blx-compat.def' found.

(/usr/local/texlive/2020/texmf-dist/tex/latex/biblatex/blx-compat.def
File: blx-compat.def 2019/12/01 v3.14 biblatex compatibility (PK/MW)
)
Package biblatex Info: Trying to load generic definitions...
Package biblatex Info: ... file 'biblatex.def' found.

(/usr/local/texlive/2020/texmf-dist/tex/latex/biblatex/biblatex.def
File: biblatex.def 2019/12/01 v3.14 biblatex compatibility (PK/MW)
\c@textcitecount=\count382
\c@textcitetotal=\count383
\c@textcitemaxnames=\count384
\c@biburlbigbreakpenalty=\count385
\c@biburlbreakpenalty=\count386
\c@biburlnumpenalty=\count387
\c@biburlucpenalty=\count388
\c@biburllcpenalty=\count389
\biburlbigskip=\muskip17
\biburlnumskip=\muskip18
\biburlucskip=\muskip19
\biburllcskip=\muskip20
\c@smartand=\count390
)
Package biblatex Info: Trying to load bibliography style 'ieee'...
Package biblatex Info: ... file 'ieee.bbx' found.

(/usr/local/texlive/2020/texmf-dist/tex/latex/biblatex-ieee/ieee.bbx
File: ieee.bbx 2020/02/26 v1.3b biblatex bibliography style
Package biblatex Info: Trying to load bibliography style 'numeric-comp'...
Package biblatex Info: ... file 'numeric-comp.bbx' found.

(/usr/local/texlive/2020/texmf-dist/tex/latex/biblatex/bbx/numeric-comp.bbx
File: numeric-comp.bbx 2019/12/01 v3.14 biblatex bibliography style (PK/MW)
Package biblatex Info: Trying to load bibliography style 'numeric'...
Package biblatex Info: ... file 'numeric.bbx' found.

(/usr/local/texlive/2020/texmf-dist/tex/latex/biblatex/bbx/numeric.bbx
File: numeric.bbx 2019/12/01 v3.14 biblatex bibliography style (PK/MW)
Package biblatex Info: Trying to load bibliography style 'standard'...
Package biblatex Info: ... file 'standard.bbx' found.

(/usr/local/texlive/2020/texmf-dist/tex/latex/biblatex/bbx/standard.bbx
File: standard.bbx 2019/12/01 v3.14 biblatex bibliography style (PK/MW)
\c@bbx:relatedcount=\count391
\c@bbx:relatedtotal=\count392
))))
Package biblatex Info: Trying to load citation style 'ieee'...
Package biblatex Info: ... file 'ieee.cbx' found.

(/usr/local/texlive/2020/texmf-dist/tex/latex/biblatex-ieee/ieee.cbx
File: ieee.cbx 2020/02/26 v1.3b biblatex citation style
Package biblatex Info: Trying to load citation style 'numeric-comp'...
Package biblatex Info: ... file 'numeric-comp.cbx' found.

(/usr/local/texlive/2020/texmf-dist/tex/latex/biblatex/cbx/numeric-comp.cbx
File: numeric-comp.cbx 2019/12/01 v3.14 biblatex citation style (PK/MW)
\c@cbx@tempcnta=\count393
\c@cbx@tempcntb=\count394
Package biblatex Info: Redefining '\cite'.
Package biblatex Info: Redefining '\parencite'.
Package biblatex Info: Redefining '\footcite'.
Package biblatex Info: Redefining '\footcitetext'.
Package biblatex Info: Redefining '\smartcite'.
Package biblatex Info: Redefining '\supercite'.
Package biblatex Info: Redefining '\textcite'.
Package biblatex Info: Redefining '\textcites'.
Package biblatex Info: Redefining '\cites'.
Package biblatex Info: Redefining '\parencites'.
Package biblatex Info: Redefining '\smartcites'.
)
Package biblatex Info: Redefining '\cite'.
Package biblatex Info: Redefining '\cites'.
)
Package biblatex Info: Trying to load configuration file...
Package biblatex Info: ... file 'biblatex.cfg' found.

(/usr/local/texlive/2020/texmf-dist/tex/latex/biblatex/biblatex.cfg
File: biblatex.cfg 
))
(/usr/local/texlive/2020/texmf-dist/tex/latex/glossaries/base/glossaries.sty
Package: glossaries 2020/03/19 v4.46 (NLCT)

(/usr/local/texlive/2020/texmf-dist/tex/latex/xkeyval/xkeyval.sty
Package: xkeyval 2014/12/03 v2.7a package option processing (HA)

(/usr/local/texlive/2020/texmf-dist/tex/generic/xkeyval/xkeyval.tex
(/usr/local/texlive/2020/texmf-dist/tex/generic/xkeyval/xkvutils.tex
\XKV@toks=\toks23
\XKV@tempa@toks=\toks24
)
\XKV@depth=\count395
File: xkeyval.tex 2014/12/03 v2.7a key=value parser (HA)
))
(/usr/local/texlive/2020/texmf-dist/tex/latex/mfirstuc/mfirstuc.sty
Package: mfirstuc 2017/11/14 v2.06 (NLCT)
\@glsmfirst=\toks25
\@glsmrest=\toks26
)
(/usr/local/texlive/2020/texmf-dist/tex/latex/textcase/textcase.sty
Package: textcase 2019/09/14 v1.00 Text only upper/lower case changing (DPC)
)
(/usr/local/texlive/2020/texmf-dist/tex/latex/xfor/xfor.sty
Package: xfor 2009/02/05 v1.05 (NLCT)
)
(/usr/local/texlive/2020/texmf-dist/tex/latex/datatool/datatool-base.sty
Package: datatool-base 2019/09/27 v2.32 (NLCT)

(/usr/local/texlive/2020/texmf-dist/tex/latex/amsmath/amsmath.sty
Package: amsmath 2020/01/20 v2.17e AMS math features
\@mathmargin=\skip75

For additional information on amsmath, use the `?' option.
(/usr/local/texlive/2020/texmf-dist/tex/latex/amsmath/amstext.sty
Package: amstext 2000/06/29 v2.01 AMS text

(/usr/local/texlive/2020/texmf-dist/tex/latex/amsmath/amsgen.sty
File: amsgen.sty 1999/11/30 v2.0 generic functions
\@emptytoks=\toks27
\ex@=\dimen146
))
(/usr/local/texlive/2020/texmf-dist/tex/latex/amsmath/amsbsy.sty
Package: amsbsy 1999/11/29 v1.2d Bold Symbols
\pmbraise@=\dimen147
)
(/usr/local/texlive/2020/texmf-dist/tex/latex/amsmath/amsopn.sty
Package: amsopn 2016/03/08 v2.02 operator names
)
\inf@bad=\count396
LaTeX Info: Redefining \frac on input line 227.
\uproot@=\count397
\leftroot@=\count398
LaTeX Info: Redefining \overline on input line 389.
\classnum@=\count399
\DOTSCASE@=\count400
LaTeX Info: Redefining \ldots on input line 486.
LaTeX Info: Redefining \dots on input line 489.
LaTeX Info: Redefining \cdots on input line 610.
\Mathstrutbox@=\box49
\strutbox@=\box50
\big@size=\dimen148
LaTeX Font Info:    Redeclaring font encoding OML on input line 733.
LaTeX Font Info:    Redeclaring font encoding OMS on input line 734.
\macc@depth=\count401
\c@MaxMatrixCols=\count402
\dotsspace@=\muskip21
\c@parentequation=\count403
\dspbrk@lvl=\count404
\tag@help=\toks28
\row@=\count405
\column@=\count406
\maxfields@=\count407
\andhelp@=\toks29
\eqnshift@=\dimen149
\alignsep@=\dimen150
\tagshift@=\dimen151
\tagwidth@=\dimen152
\totwidth@=\dimen153
\lineht@=\dimen154
\@envbody=\toks30
\multlinegap=\skip76
\multlinetaggap=\skip77
\mathdisplay@stack=\toks31
LaTeX Info: Redefining \[ on input line 2859.
LaTeX Info: Redefining \] on input line 2860.
)
(/usr/local/texlive/2020/texmf-dist/tex/latex/substr/substr.sty
Package: substr 2009/10/20 v1.2 Handle substrings
\c@su@anzahl=\count408
)
(/usr/local/texlive/2020/texmf-dist/tex/latex/datatool/datatool-fp.sty
Package: datatool-fp 2019/09/27 v2.32 (NLCT)

(/usr/local/texlive/2020/texmf-dist/tex/latex/fp/fp.sty
Package: fp 1995/04/02

`Fixed Point Package', Version 0.8, April 2, 1995 (C) Michael Mehlich
(/usr/local/texlive/2020/texmf-dist/tex/latex/fp/defpattern.sty
Package: defpattern 1994/10/12
\actioncount=\count409
)
(/usr/local/texlive/2020/texmf-dist/tex/latex/fp/fp-basic.sty
Package: fp-basic 1996/05/13
\FP@xs=\count410
\FP@xia=\count411
\FP@xib=\count412
\FP@xfa=\count413
\FP@xfb=\count414
\FP@rega=\count415
\FP@regb=\count416
\FP@regs=\count417
\FP@times=\count418
)
(/usr/local/texlive/2020/texmf-dist/tex/latex/fp/fp-addons.sty
Package: fp-addons 1995/03/15
)
(/usr/local/texlive/2020/texmf-dist/tex/latex/fp/fp-snap.sty
Package: fp-snap 1995/04/05
)
(/usr/local/texlive/2020/texmf-dist/tex/latex/fp/fp-exp.sty
Package: fp-exp 1995/04/03
)
(/usr/local/texlive/2020/texmf-dist/tex/latex/fp/fp-trigo.sty
Package: fp-trigo 1995/04/14
)
(/usr/local/texlive/2020/texmf-dist/tex/latex/fp/fp-pas.sty
Package: fp-pas 1994/08/29
)
(/usr/local/texlive/2020/texmf-dist/tex/latex/fp/fp-random.sty
Package: fp-random 1995/02/23
\FPseed=\count419
)
(/usr/local/texlive/2020/texmf-dist/tex/latex/fp/fp-eqn.sty
Package: fp-eqn 1995/04/03
)
(/usr/local/texlive/2020/texmf-dist/tex/latex/fp/fp-upn.sty
Package: fp-upn 1996/10/21
)
(/usr/local/texlive/2020/texmf-dist/tex/latex/fp/fp-eval.sty
Package: fp-eval 1995/04/03
)))
\@dtl@toks=\toks32
\@dtl@tmpcount=\count420
\dtl@tmplength=\skip78
\dtl@sortresult=\count421
\@dtl@numgrpsepcount=\count422
\@dtl@datatype=\count423
\dtl@codeA=\count424
\dtl@codeB=\count425
\@dtl@foreach@level=\count426
)
(/usr/local/texlive/2020/texmf-dist/tex/latex/glossaries/base/glossaries-compat
ible-307.sty
Package: glossaries-compatible-307 2020/03/19 v4.46 (NLCT)
)
(/usr/local/texlive/2020/texmf-dist/tex/latex/tracklang/tracklang.sty
Package: tracklang 2019/11/30 v1.4 (NLCT) Track Languages

(/usr/local/texlive/2020/texmf-dist/tex/generic/tracklang/tracklang.tex))
(/usr/local/texlive/2020/texmf-dist/tex/latex/translator/translator.sty
Package: translator 2019-05-31 v1.12a Easy translation of strings in LaTeX
)
(/usr/local/texlive/2020/texmf-dist/tex/latex/glossaries-english/glossaries-eng
lish.ldf
File: glossaries-english.ldf 2014/11/23 v1.0
)
\gls@level=\count427
\@gls@tmpb=\toks33
\gls@tmplen=\skip79
\glskeylisttok=\toks34
\glslabeltok=\toks35
\glsshorttok=\toks36
\glslongtok=\toks37

(/usr/local/texlive/2020/texmf-dist/tex/latex/glossaries/styles/glossary-hypern
av.sty
Package: glossary-hypernav 2020/03/19 v4.46 (NLCT)
)
(/usr/local/texlive/2020/texmf-dist/tex/latex/glossaries/styles/glossary-list.s
ty
Package: glossary-list 2020/03/19 v4.46 (NLCT)
\glslistdottedwidth=\skip80
)
(/usr/local/texlive/2020/texmf-dist/tex/latex/glossaries/styles/glossary-long.s
ty
Package: glossary-long 2020/03/19 v4.46 (NLCT)
 (/usr/local/texlive/2020/texmf-dist/tex/latex/tools/longtable.sty
Package: longtable 2020/01/07 v4.13 Multi-page Table package (DPC)
\LTleft=\skip81
\LTright=\skip82
\LTpre=\skip83
\LTpost=\skip84
\LTchunksize=\count428
\LTcapwidth=\dimen155
\LT@head=\box51
\LT@firsthead=\box52
\LT@foot=\box53
\LT@lastfoot=\box54
\LT@cols=\count429
\LT@rows=\count430
\c@LT@tables=\count431
\c@LT@chunks=\count432
\LT@p@ftn=\toks38
)
\glsdescwidth=\skip85
\glspagelistwidth=\skip86
)
(/usr/local/texlive/2020/texmf-dist/tex/latex/glossaries/styles/glossary-super.
sty
Package: glossary-super 2020/03/19 v4.46 (NLCT)
 (/usr/local/texlive/2020/texmf-dist/tex/latex/supertabular/supertabular.sty
Package: supertabular 2020/02/02 v4.1g the supertabular environment
\c@tracingst=\count433
\ST@wd=\dimen156
\ST@rightskip=\skip87
\ST@leftskip=\skip88
\ST@parfillskip=\skip89
\ST@pageleft=\dimen157
\ST@headht=\dimen158
\ST@tailht=\dimen159
\ST@pagesofar=\dimen160
\ST@pboxht=\dimen161
\ST@lineht=\dimen162
\ST@prevht=\dimen163
\ST@toadd=\dimen164
\ST@dimen=\dimen165
\ST@pbox=\box55
))
(/usr/local/texlive/2020/texmf-dist/tex/latex/glossaries/styles/glossary-tree.s
ty
Package: glossary-tree 2020/03/19 v4.46 (NLCT)
\glstreeindent=\skip90
))
\glswrite=\write4
\glo@main@file=\write5
\openout5 = `Main.glo'.

Package glossaries Info: Writing glossary file Main.glo on input line 23.
\glo@acronym@file=\write6
\openout6 = `Main.acn'.

Package glossaries Info: Writing glossary file Main.acn on input line 23.
 (/usr/local/texlive/2020/texmf-dist/tex/latex/titlesec/titlesec.sty
Package: titlesec 2019/10/16 v2.13 Sectioning titles
\ttl@box=\box56
\beforetitleunit=\skip91
\aftertitleunit=\skip92
\ttl@plus=\dimen166
\ttl@minus=\dimen167
\ttl@toksa=\toks39
\titlewidth=\dimen168
\titlewidthlast=\dimen169
\titlewidthfirst=\dimen170
)
(/usr/local/texlive/2020/texmf-dist/tex/latex/upquote/upquote.sty
Package: upquote 2012/04/19 v1.3 upright-quote and grave-accent glyphs in verba
tim

(/usr/local/texlive/2020/texmf-dist/tex/latex/base/textcomp.sty
Package: textcomp 2020/02/02 v2.0n Standard LaTeX package
))
(/usr/local/texlive/2020/texmf-dist/tex/latex/listings/listings.sty
\lst@mode=\count434
\lst@gtempboxa=\box57
\lst@token=\toks40
\lst@length=\count435
\lst@currlwidth=\dimen171
\lst@column=\count436
\lst@pos=\count437
\lst@lostspace=\dimen172
\lst@width=\dimen173
\lst@newlines=\count438
\lst@lineno=\count439
\lst@maxwidth=\dimen174

(/usr/local/texlive/2020/texmf-dist/tex/latex/listings/lstmisc.sty
File: lstmisc.sty 2020/03/24 1.8d (Carsten Heinz)
\c@lstnumber=\count440
\lst@skipnumbers=\count441
\lst@framebox=\box58
)
(/usr/local/texlive/2020/texmf-dist/tex/latex/listings/listings.cfg
File: listings.cfg 2020/03/24 1.8d listings configuration
))
Package: listings 2020/03/24 1.8d (Carsten Heinz)
Package csquotes Info: Checking for multilingual support...
Package csquotes Info: ... found 'babel' package.
Package csquotes Info: Adjusting default style.
Package csquotes Info: Redefining alias 'default' -> 'english'.

(/usr/local/texlive/2020/texmf-dist/tex/latex/l3backend/l3backend-pdfmode.def
File: l3backend-pdfmode.def 2020-03-12 L3 backend support: PDF mode
\l__kernel_color_stack_int=\count442
\l__pdf_internal_box=\box59
)
(./Main.aux

LaTeX Warning: Label `ssub:Open Source' multiply defined.


LaTeX Warning: Label `sub:A/B Testing' multiply defined.

)
\openout1 = `Main.aux'.

LaTeX Font Info:    Checking defaults for OML/cmm/m/it on input line 186.
LaTeX Font Info:    ... okay on input line 186.
LaTeX Font Info:    Checking defaults for OMS/cmsy/m/n on input line 186.
LaTeX Font Info:    ... okay on input line 186.
LaTeX Font Info:    Checking defaults for OT1/cmr/m/n on input line 186.
LaTeX Font Info:    ... okay on input line 186.
LaTeX Font Info:    Checking defaults for T1/cmr/m/n on input line 186.
LaTeX Font Info:    ... okay on input line 186.
LaTeX Font Info:    Checking defaults for TS1/cmr/m/n on input line 186.
LaTeX Font Info:    ... okay on input line 186.
LaTeX Font Info:    Checking defaults for OMX/cmex/m/n on input line 186.
LaTeX Font Info:    ... okay on input line 186.
LaTeX Font Info:    Checking defaults for U/cmr/m/n on input line 186.
LaTeX Font Info:    ... okay on input line 186.
LaTeX Font Info:    Checking defaults for PD1/pdf/m/n on input line 186.
LaTeX Font Info:    ... okay on input line 186.
\AtBeginShipoutBox=\box60
Package hyperref Info: Link coloring OFF on input line 186.
 (/usr/local/texlive/2020/texmf-dist/tex/latex/hyperref/nameref.sty
Package: nameref 2019/09/16 v2.46 Cross-referencing by name of section

(/usr/local/texlive/2020/texmf-dist/tex/latex/refcount/refcount.sty
Package: refcount 2019/12/15 v3.6 Data extraction from label references (HO)
)
(/usr/local/texlive/2020/texmf-dist/tex/generic/gettitlestring/gettitlestring.s
ty
Package: gettitlestring 2019/12/15 v1.6 Cleanup title references (HO)
)
\c@section@level=\count443
)
LaTeX Info: Redefining \ref on input line 186.
LaTeX Info: Redefining \pageref on input line 186.
LaTeX Info: Redefining \nameref on input line 186.
 (./Main.out) (./Main.out)
\@outlinefile=\write7
\openout7 = `Main.out'.


(/usr/local/texlive/2020/texmf-dist/tex/context/base/mkii/supp-pdf.mkii
[Loading MPS to PDF converter (version 2006.09.02).]
\scratchcounter=\count444
\scratchdimen=\dimen175
\scratchbox=\box61
\nofMPsegments=\count445
\nofMParguments=\count446
\everyMPshowfont=\toks41
\MPscratchCnt=\count447
\MPscratchDim=\dimen176
\MPnumerator=\count448
\makeMPintoPDFobject=\count449
\everyMPtoPDFconversion=\toks42
) (/usr/local/texlive/2020/texmf-dist/tex/latex/epstopdf-pkg/epstopdf-base.sty
Package: epstopdf-base 2020-01-24 v2.11 Base part for package epstopdf
Package epstopdf-base Info: Redefining graphics rule for `.eps' on input line 4
85.

(/usr/local/texlive/2020/texmf-dist/tex/latex/latexconfig/epstopdf-sys.cfg
File: epstopdf-sys.cfg 2010/07/13 v1.3 Configuration of (r)epstopdf for TeX Liv
e
))
(/usr/local/texlive/2020/texmf-dist/tex/latex/pdflscape/pdflscape.sty
Package: pdflscape 2019/12/05 v0.12 Display of landscape pages in PDF (HO)

(/usr/local/texlive/2020/texmf-dist/tex/latex/graphics/lscape.sty
Package: lscape 2000/10/22 v3.01 Landscape Pages (DPC)
)
Package pdflscape Info: Auto-detected driver: pdftex on input line 81.
)
Package biblatex Info: Trying to load language 'english'...
Package biblatex Info: ... file 'english.lbx' found.

(/usr/local/texlive/2020/texmf-dist/tex/latex/biblatex/lbx/english.lbx
File: english.lbx 2019/12/01 v3.14 biblatex localization (PK/MW)
)
Package biblatex Info: Input encoding 'utf8' detected.
Package biblatex Info: Automatic encoding selection.
(biblatex)             Assuming data encoding 'utf8'.
\openout3 = `Main.bcf'.

Package biblatex Info: Trying to load bibliographic data...
Package biblatex Info: ... file 'Main.bbl' found.

(./Main.bbl)
Package biblatex Info: Reference section=0 on input line 186.
Package biblatex Info: Reference segment=0 on input line 186.
\c@lstlisting=\count450
 (./sections/0-FrontPage.tex [1

\openout4 = `Main.ist'.

{/usr/local/texlive/2020/texmf-var/fonts/map/pdftex/updmap/pdftex.map}]pdfTeX w
arning (ext4): destination with the same identifier (name{page.}) has been alre
ady used, duplicate ignored
<to be read again> 
                   \relax 
l.38 \newpage
              [2] (./Main.tocpdfTeX warning (ext4): destination with the same i
dentifier (name{page.}) has been already used, duplicate ignored
<to be read again> 
                   \relax 
l.110 ...2}Iteration two}{26}{subsubsection.5.3.2}
                                                  % [3])
\tf@toc=\write8
\openout8 = `Main.toc'.

pdfTeX warning (ext4): destination with the same identifier (name{page.}) has b
een already used, duplicate ignored
<to be read again> 
                   \relax 
l.40 \newpage
              [4] (./Main.gls) (./Main.acr)pdfTeX warning (ext4): destination w
ith the same identifier (name{page.}) has been already used, duplicate ignored
<to be read again> 
                   \relax 
l.43 \newpage
              [5]pdfTeX warning (ext4): destination with the same identifier (n
ame{page.}) has been already used, duplicate ignored
<to be read again> 
                   \relax 
l.54 \newpage
              [6]) (./sections/1-Intro.tex [1]
<images/agile.png, id=371, 986.68625pt x 602.25pt>
File: images/agile.png Graphic file (type png)
<use images/agile.png>
Package pdftex.def Info: images/agile.png  used on input line 39.
(pdftex.def)             Requested size: 276.00105pt x 168.46342pt.
 [2pdfTeX warning (ext4): destination with the same identifier (name{figure.1})
 has been already used, duplicate ignored

\AtBegShi@Output ...ipout \box \AtBeginShipoutBox 
                                                  \fi \fi 
l.50   \item T
              he system needs to be applicable for all types of projects. <./im
ages/agile.png>] [3]) (./sections/2-Background.tex [4]
<images/ddp.png, id=408, 1075.01625pt x 609.27625pt>
File: images/ddp.png Graphic file (type png)
<use images/ddp.png>
Package pdftex.def Info: images/ddp.png  used on input line 12.
(pdftex.def)             Requested size: 276.00105pt x 156.42786pt.
 [5pdfTeX warning (ext4): destination with the same identifier (name{figure.2})
 has been already used, duplicate ignored

\AtBegShi@Output ...ipout \box \AtBeginShipoutBox 
                                                  \fi \fi 
l.27 
      <./images/ddp.png>]
<images/flow2.png, id=416, 1445.4pt x 1027.84pt>
File: images/flow2.png Graphic file (type png)
<use images/flow2.png>
Package pdftex.def Info: images/flow2.png  used on input line 40.
(pdftex.def)             Requested size: 276.00105pt x 196.264pt.
 [6pdfTeX warning (ext4): destination with the same identifier (name{figure.3})
 has been already used, duplicate ignored

\AtBegShi@Output ...ipout \box \AtBeginShipoutBox 
                                                  \fi \fi 
l.52 
      <./images/flow2.png>]
<images/webflow.png, id=431, 1927.2pt x 1013.7875pt>
File: images/webflow.png Graphic file (type png)
<use images/webflow.png>
Package pdftex.def Info: images/webflow.png  used on input line 55.
(pdftex.def)             Requested size: 276.00105pt x 145.1778pt.
<images/visly.png, id=433, 2052.66875pt x 1168.365pt>
File: images/visly.png Graphic file (type png)
<use images/visly.png>
Package pdftex.def Info: images/visly.png  used on input line 66.
(pdftex.def)             Requested size: 276.00105pt x 157.08066pt.
 [7pdfTeX warning (ext4): destination with the same identifier (name{figure.4})
 has been already used, duplicate ignored

\AtBegShi@Output ...ipout \box \AtBeginShipoutBox 
                                                  \fi \fi 
l.83 
     pdfTeX warning (ext4): destination with the same identifier (name{figure.5
}) has been already used, duplicate ignored

\AtBegShi@Output ...ipout \box \AtBeginShipoutBox 
                                                  \fi \fi 
l.83 
      <./images/webflow.png> <./images/visly.png>]

LaTeX Warning: Reference `sec:figma' on page 8 undefined on input line 84.

) (./sections/3-Theory.tex [8]
<images/cardComp.png, id=464, 1045.9075pt x 596.2275pt>
File: images/cardComp.png Graphic file (type png)
<use images/cardComp.png>
Package pdftex.def Info: images/cardComp.png  used on input line 60.
(pdftex.def)             Requested size: 165.59853pt x 94.3976pt.
<images/cardCompElements.png, id=465, 443.6575pt x 243.91125pt>
File: images/cardCompElements.png Graphic file (type png)
<use images/cardCompElements.png>
Package pdftex.def Info: images/cardCompElements.png  used on input line 66.
(pdftex.def)             Requested size: 165.59853pt x 91.03848pt.
 [9pdfTeX warning (ext4): destination with the same identifier (name{figure.6})
 has been already used, duplicate ignored

\AtBegShi@Output ...ipout \box \AtBeginShipoutBox 
                                                  \fi \fi 
l.74 
     pdfTeX warning (ext4): destination with the same identifier (name{figure.7
}) has been already used, duplicate ignored

\AtBegShi@Output ...ipout \box \AtBeginShipoutBox 
                                                  \fi \fi 
l.74 
      <./images/cardComp.png> <./images/cardCompElements.png>]
<images/layoutBlue.png, id=483, 462.72874pt x 344.28625pt>
File: images/layoutBlue.png Graphic file (type png)
<use images/layoutBlue.png>
Package pdftex.def Info: images/layoutBlue.png  used on input line 83.
(pdftex.def)             Requested size: 165.59853pt x 123.21272pt.
<images/layoutGreen.png, id=484, 466.74374pt x 348.30125pt>
File: images/layoutGreen.png Graphic file (type png)
<use images/layoutGreen.png>
Package pdftex.def Info: images/layoutGreen.png  used on input line 89.
(pdftex.def)             Requested size: 165.59853pt x 123.57605pt.
 [10pdfTeX warning (ext4): destination with the same identifier (name{figure.8}
) has been already used, duplicate ignored

\AtBegShi@Output ...ipout \box \AtBeginShipoutBox 
                                                  \fi \fi 
l.134 
      pdfTeX warning (ext4): destination with the same identifier (name{figure.
9}) has been already used, duplicate ignored

\AtBegShi@Output ...ipout \box \AtBeginShipoutBox 
                                                  \fi \fi 
l.134 
       <./images/layoutBlue.png> <./images/layoutGreen.png>]
Overfull \hbox (0.17184pt too wide) in paragraph at lines 148--149
\T1/cmr/m/n/10 prin-ci-ples guide this: Resource-Based, Ma-nip-u-la-tion of Re-
sources Through
 []

[11] (/usr/local/texlive/2020/texmf-dist/tex/latex/listings/lstlang1.sty
File: lstlang1.sty 2020/03/24 1.8d listings language file
)
(/usr/local/texlive/2020/texmf-dist/tex/latex/listings/lstmisc.sty
File: lstmisc.sty 2020/03/24 1.8d (Carsten Heinz)
)
LaTeX Font Info:    Trying to load font information for T1+cmtt on input line 1
84.

(/usr/local/texlive/2020/texmf-dist/tex/latex/base/t1cmtt.fd
File: t1cmtt.fd 2019/12/16 v2.5j Standard LaTeX font definitions
) [12]
LaTeX Font Info:    Font shape `T1/cmtt/bx/n' in size <8> not available
(Font)              Font shape `T1/cmtt/m/n' tried instead on input line 191.
 [13]
<images/shadow.png, id=563, 1111.15125pt x 510.90875pt>
File: images/shadow.png Graphic file (type png)
<use images/shadow.png>
Package pdftex.def Info: images/shadow.png  used on input line 249.
(pdftex.def)             Requested size: 276.00105pt x 126.90831pt.

Underfull \hbox (badness 10000) in paragraph at lines 246--252

 []

[14pdfTeX warning (ext4): destination with the same identifier (name{figure.10}
) has been already used, duplicate ignored

\AtBegShi@Output ...ipout \box \AtBeginShipoutBox 
                                                  \fi \fi 
l.275 \subsection{Distribute}
                             % <./images/shadow.png>] [15] [16] [17]
<images/A.png, id=614, 447.17062pt x 904.37875pt>
File: images/A.png Graphic file (type png)
<use images/A.png>
Package pdftex.def Info: images/A.png  used on input line 387.
(pdftex.def)             Requested size: 155.24895pt x 313.98436pt.
<images/B.png, id=615, 447.17062pt x 904.37875pt>
File: images/B.png Graphic file (type png)
<use images/B.png>
Package pdftex.def Info: images/B.png  used on input line 393.
(pdftex.def)             Requested size: 155.24895pt x 313.98436pt.
 [18pdfTeX warning (ext4): destination with the same identifier (name{figure.11
}) has been already used, duplicate ignored

\AtBegShi@Output ...ipout \box \AtBeginShipoutBox 
                                                  \fi \fi 
l.407 
      pdfTeX warning (ext4): destination with the same identifier (name{figure.
12}) has been already used, duplicate ignored

\AtBegShi@Output ...ipout \box \AtBeginShipoutBox 
                                                  \fi \fi 
l.407 
       <./images/A.png> <./images/B.png>] [19pdfTeX warning (ext4): destination
 with the same identifier (name{table.1}) has been already used, duplicate igno
red

\AtBegShi@Output ...ipout \box \AtBeginShipoutBox 
                                                  \fi \fi 
l.464 
      ]
Underfull \hbox (badness 10000) in paragraph at lines 466--471

 []

) (./sections/4-Method.tex [20] [21] [22] [23]) (./sections/5-Result.tex
[24] [25] [26]) (./sections/6-Discussion.tex [27] [28] [29] [30] [31])
(./sections/7-References.tex [32]
Overfull \hbox (2.51424pt too wide) in paragraph at lines 3--3
[]\T1/cmr/m/n/10 (). ^^P  Man-i-festo for Ag-ile Soft-ware De-vel-op-ment,^^Q [
On-line]. Avail-able: []$\T1/cmtt/m/n/10 https :
 []

[33]
Overfull \hbox (1.70332pt too wide) in paragraph at lines 3--3
\T1/cmr/m/n/10 line]. Avail-able: []$\T1/cmtt/m/n/10 https : / / www . figma . 
com / about/$[] \T1/cmr/m/n/10 (vis-ited on 06/10/2021). 
 []


Overfull \hbox (18.25261pt too wide) in paragraph at lines 3--3
\T1/cmr/m/n/10 able: []$\T1/cmtt/m/n/10 https : / / en . wikipedia . org / w / 
index . php ? title = Representational _
 []


Overfull \hbox (2.26979pt too wide) in paragraph at lines 3--3
[]\T1/cmr/m/n/10 (). ^^P  What is REST?^^Q [On-line]. Avail-able: []$\T1/cmtt/m
/n/10 https : / / www . restapitutorial .
 []

[34]
Overfull \hbox (2.66766pt too wide) in paragraph at lines 3--3
\T1/cmtt/m/n/10 mozilla . org / en -[] US / docs / Web / Web _ Components$[] \T
1/cmr/m/n/10 (vis-ited on 02/09/2021). 
 []


Overfull \hbox (7.18211pt too wide) in paragraph at lines 3--3
[]\T1/cmr/m/n/10 polymer. (). ^^P  Poly-mer Project,^^Q [On-line]. Avail-able: 
[]$\T1/cmtt/m/n/10 https : / / www . polymer -[]
 []


Overfull \hbox (5.74435pt too wide) in paragraph at lines 3--3
[]\T1/cmr/m/n/10 J. R. Lewis, ^^P  Us-abil-ity test-ing,^^Q \T1/cmr/m/it/10 Han
d-book of hu-man fac-tors and er-gonomics\T1/cmr/m/n/10 ,
 []


Overfull \hbox (8.02455pt too wide) in paragraph at lines 3--3
\T1/cmr/m/n/10 Nor-man Group, [On-line]. Avail-able: []$\T1/cmtt/m/n/10 https :
 / / www . nngroup . com / articles /
 []


Overfull \hbox (20.70201pt too wide) in paragraph at lines 3--3
\T1/cmr/m/n/10 man, [On-line]. Avail-able: []$\T1/cmtt/m/n/10 https : / / www .
 postman . com/$[] \T1/cmr/m/n/10 (vis-ited on 04/23/2021). 
 []

[35]
Overfull \hbox (6.26332pt too wide) in paragraph at lines 3--3
[]\T1/cmr/m/n/10 (). ^^P  Ar-ray.prototype.map() - JavaScript | MDN,^^Q [On-lin
e]. Avail-able: []$\T1/cmtt/m/n/10 https :
 []


Overfull \hbox (14.8732pt too wide) in paragraph at lines 3--3
[]\T1/cmr/m/it/10 Knowit-Experience-Norrland/FigmaConverter\T1/cmr/m/n/10 , Kno
wit-Experience-Norrland,
 []


Overfull \hbox (21.00996pt too wide) in paragraph at lines 3--3
\T1/cmr/m/n/10 May 17, 2021. [On-line]. Avail-able: []$\T1/cmtt/m/n/10 https : 
/ / github . com / Knowit -[] Experience -[]
 []

) (./sections/8-Appendix.tex [36]
<./docs/Interview.pdf, id=792, 597.23125pt x 845.1575pt>
File: ./docs/Interview.pdf Graphic file (type pdf)
<use ./docs/Interview.pdf>
Package pdftex.def Info: ./docs/Interview.pdf  used on input line 4.
(pdftex.def)             Requested size: 597.22978pt x 845.15544pt.
File: ./docs/Interview.pdf Graphic file (type pdf)
<use ./docs/Interview.pdf>
Package pdftex.def Info: ./docs/Interview.pdf  used on input line 4.
(pdftex.def)             Requested size: 597.22978pt x 845.15544pt.
<./docs/Interview.pdf, id=795, page=1, 597.23125pt x 845.1575pt>
File: ./docs/Interview.pdf Graphic file (type pdf)
<use ./docs/Interview.pdf, page 1>
Package pdftex.def Info: ./docs/Interview.pdf , page1 used on input line 4.
(pdftex.def)             Requested size: 597.22978pt x 845.15544pt.
File: ./docs/Interview.pdf Graphic file (type pdf)
<use ./docs/Interview.pdf, page 1>
Package pdftex.def Info: ./docs/Interview.pdf , page1 used on input line 4.
(pdftex.def)             Requested size: 561.86221pt x 795.10587pt.
 [37]
File: ./docs/Interview.pdf Graphic file (type pdf)
<use ./docs/Interview.pdf, page 1>
Package pdftex.def Info: ./docs/Interview.pdf , page1 used on input line 4.
(pdftex.def)             Requested size: 561.86221pt x 795.10587pt.
File: ./docs/Interview.pdf Graphic file (type pdf)
<use ./docs/Interview.pdf, page 1>
Package pdftex.def Info: ./docs/Interview.pdf , page1 used on input line 4.
(pdftex.def)             Requested size: 561.86221pt x 795.10587pt.
File: ./docs/Interview.pdf Graphic file (type pdf)
<use ./docs/Interview.pdf, page 1>
Package pdftex.def Info: ./docs/Interview.pdf , page1 used on input line 4.
(pdftex.def)             Requested size: 561.86221pt x 795.10587pt.
 [38 <./docs/Interview.pdf>]
<./docs/Interview.pdf, id=821, page=2, 597.23125pt x 845.1575pt>
File: ./docs/Interview.pdf Graphic file (type pdf)
<use ./docs/Interview.pdf, page 2>
Package pdftex.def Info: ./docs/Interview.pdf , page2 used on input line 4.
(pdftex.def)             Requested size: 561.86221pt x 795.10587pt.
File: ./docs/Interview.pdf Graphic file (type pdf)
<use ./docs/Interview.pdf, page 2>
Package pdftex.def Info: ./docs/Interview.pdf , page2 used on input line 4.
(pdftex.def)             Requested size: 561.86221pt x 795.10587pt.
File: ./docs/Interview.pdf Graphic file (type pdf)
<use ./docs/Interview.pdf, page 2>
Package pdftex.def Info: ./docs/Interview.pdf , page2 used on input line 4.
(pdftex.def)             Requested size: 561.86221pt x 795.10587pt.
 [39 <./docs/Interview.pdf>]
<./docs/testScript.pdf, id=845, 597.5078pt x 845.04686pt>
File: ./docs/testScript.pdf Graphic file (type pdf)
<use ./docs/testScript.pdf>
Package pdftex.def Info: ./docs/testScript.pdf  used on input line 5.
(pdftex.def)             Requested size: 597.50633pt x 845.0448pt.
File: ./docs/testScript.pdf Graphic file (type pdf)
<use ./docs/testScript.pdf>
Package pdftex.def Info: ./docs/testScript.pdf  used on input line 5.
(pdftex.def)             Requested size: 597.50633pt x 845.0448pt.
<./docs/testScript.pdf, id=848, page=1, 597.5078pt x 845.04686pt>
File: ./docs/testScript.pdf Graphic file (type pdf)
<use ./docs/testScript.pdf, page 1>
Package pdftex.def Info: ./docs/testScript.pdf , page1 used on input line 5.
(pdftex.def)             Requested size: 597.50633pt x 845.0448pt.
File: ./docs/testScript.pdf Graphic file (type pdf)
<use ./docs/testScript.pdf, page 1>
Package pdftex.def Info: ./docs/testScript.pdf , page1 used on input line 5.
(pdftex.def)             Requested size: 562.12238pt x 795.00179pt.
File: ./docs/testScript.pdf Graphic file (type pdf)
<use ./docs/testScript.pdf, page 1>
Package pdftex.def Info: ./docs/testScript.pdf , page1 used on input line 5.
(pdftex.def)             Requested size: 562.12238pt x 795.00179pt.
File: ./docs/testScript.pdf Graphic file (type pdf)
<use ./docs/testScript.pdf, page 1>
Package pdftex.def Info: ./docs/testScript.pdf , page1 used on input line 5.
(pdftex.def)             Requested size: 562.12238pt x 795.00179pt.
File: ./docs/testScript.pdf Graphic file (type pdf)
<use ./docs/testScript.pdf, page 1>
Package pdftex.def Info: ./docs/testScript.pdf , page1 used on input line 5.
(pdftex.def)             Requested size: 562.12238pt x 795.00179pt.
 [40 <./docs/testScript.pdf>]
<./docs/testScript.pdf, id=865, page=2, 597.5078pt x 845.04686pt>
File: ./docs/testScript.pdf Graphic file (type pdf)
<use ./docs/testScript.pdf, page 2>
Package pdftex.def Info: ./docs/testScript.pdf , page2 used on input line 5.
(pdftex.def)             Requested size: 562.12238pt x 795.00179pt.
File: ./docs/testScript.pdf Graphic file (type pdf)
<use ./docs/testScript.pdf, page 2>
Package pdftex.def Info: ./docs/testScript.pdf , page2 used on input line 5.
(pdftex.def)             Requested size: 562.12238pt x 795.00179pt.
File: ./docs/testScript.pdf Graphic file (type pdf)
<use ./docs/testScript.pdf, page 2>
Package pdftex.def Info: ./docs/testScript.pdf , page2 used on input line 5.
(pdftex.def)             Requested size: 562.12238pt x 795.00179pt.
 [41 <./docs/testScript.pdf>]
<./docs/testScript2.pdf, id=889, 597.5078pt x 845.04686pt>
File: ./docs/testScript2.pdf Graphic file (type pdf)
<use ./docs/testScript2.pdf>
Package pdftex.def Info: ./docs/testScript2.pdf  used on input line 6.
(pdftex.def)             Requested size: 597.50633pt x 845.0448pt.
File: ./docs/testScript2.pdf Graphic file (type pdf)
<use ./docs/testScript2.pdf>
Package pdftex.def Info: ./docs/testScript2.pdf  used on input line 6.
(pdftex.def)             Requested size: 597.50633pt x 845.0448pt.
<./docs/testScript2.pdf, id=892, page=1, 597.5078pt x 845.04686pt>
File: ./docs/testScript2.pdf Graphic file (type pdf)
<use ./docs/testScript2.pdf, page 1>
Package pdftex.def Info: ./docs/testScript2.pdf , page1 used on input line 6.
(pdftex.def)             Requested size: 597.50633pt x 845.0448pt.
File: ./docs/testScript2.pdf Graphic file (type pdf)
<use ./docs/testScript2.pdf, page 1>
Package pdftex.def Info: ./docs/testScript2.pdf , page1 used on input line 6.
(pdftex.def)             Requested size: 562.12238pt x 795.00179pt.
File: ./docs/testScript2.pdf Graphic file (type pdf)
<use ./docs/testScript2.pdf, page 1>
Package pdftex.def Info: ./docs/testScript2.pdf , page1 used on input line 6.
(pdftex.def)             Requested size: 562.12238pt x 795.00179pt.
File: ./docs/testScript2.pdf Graphic file (type pdf)
<use ./docs/testScript2.pdf, page 1>
Package pdftex.def Info: ./docs/testScript2.pdf , page1 used on input line 6.
(pdftex.def)             Requested size: 562.12238pt x 795.00179pt.
File: ./docs/testScript2.pdf Graphic file (type pdf)
<use ./docs/testScript2.pdf, page 1>
Package pdftex.def Info: ./docs/testScript2.pdf , page1 used on input line 6.
(pdftex.def)             Requested size: 562.12238pt x 795.00179pt.

[42 <./docs/testScript2.pdf>]
<./docs/testScript2.pdf, id=909, page=2, 597.5078pt x 845.04686pt>
File: ./docs/testScript2.pdf Graphic file (type pdf)
<use ./docs/testScript2.pdf, page 2>
Package pdftex.def Info: ./docs/testScript2.pdf , page2 used on input line 6.
(pdftex.def)             Requested size: 562.12238pt x 795.00179pt.
File: ./docs/testScript2.pdf Graphic file (type pdf)
<use ./docs/testScript2.pdf, page 2>
Package pdftex.def Info: ./docs/testScript2.pdf , page2 used on input line 6.
(pdftex.def)             Requested size: 562.12238pt x 795.00179pt.
File: ./docs/testScript2.pdf Graphic file (type pdf)
<use ./docs/testScript2.pdf, page 2>
Package pdftex.def Info: ./docs/testScript2.pdf , page2 used on input line 6.
(pdftex.def)             Requested size: 562.12238pt x 795.00179pt.
 [43 <./docs/testScript2.pdf>])
Package atveryend Info: Empty hook `BeforeClearDocument' on input line 200.
Package atveryend Info: Empty hook `AfterLastShipout' on input line 200.
 (./Main.aux)
Package atveryend Info: Executing hook `AtVeryEndDocument' on input line 200.
Package atveryend Info: Executing hook `AtEndAfterFileList' on input line 200.
Package rerunfilecheck Info: File `Main.out' has not changed.
(rerunfilecheck)             Checksum: 9F59378AF72AC141507487EEDA329DB6;3618.


LaTeX Warning: There were undefined references.


LaTeX Warning: There were multiply-defined labels.

Package logreq Info: Writing requests to 'Main.run.xml'.
\openout1 = `Main.run.xml'.

Package atveryend Info: Empty hook `AtVeryVeryEnd' on input line 200.
 ) 
Here is how much of TeX's memory you used:
 24602 strings out of 480608
 424558 string characters out of 5903631
 1175438 words of memory out of 5000000
 39828 multiletter control sequences out of 15000+600000
 550395 words of font info for 61 fonts, out of 8000000 for 9000
 1141 hyphenation exceptions out of 8191
 62i,18n,132p,2693b,2649s stack positions out of 5000i,500n,10000p,200000b,80000s
{/usr/local/texlive/2020/texmf-dist/fonts/enc/dvips/cm-super/cm-super-t1.enc}
{/usr/local/texlive/2020/texmf-dist/fonts/enc/dvips/cm-super/cm-super-ts1.enc}<
/usr/local/texlive/2020/texmf-dist/fonts/type1/public/amsfonts/cm/cmmi10.pfb></
usr/local/texlive/2020/texmf-dist/fonts/type1/public/amsfonts/cm/cmr10.pfb></us
r/local/texlive/2020/texmf-dist/fonts/type1/public/amsfonts/cm/cmsy10.pfb></usr
/local/texlive/2020/texmf-dist/fonts/type1/public/cm-super/sfbi0900.pfb></usr/l
ocal/texlive/2020/texmf-dist/fonts/type1/public/cm-super/sfbx0900.pfb></usr/loc
al/texlive/2020/texmf-dist/fonts/type1/public/cm-super/sfbx1000.pfb></usr/local
/texlive/2020/texmf-dist/fonts/type1/public/cm-super/sfbx1200.pfb></usr/local/t
exlive/2020/texmf-dist/fonts/type1/public/cm-super/sfbx1440.pfb></usr/local/tex
live/2020/texmf-dist/fonts/type1/public/cm-super/sfbx1728.pfb></usr/local/texli
ve/2020/texmf-dist/fonts/type1/public/cm-super/sfbx2074.pfb></usr/local/texlive
/2020/texmf-dist/fonts/type1/public/cm-super/sfrm0800.pfb></usr/local/texlive/2
020/texmf-dist/fonts/type1/public/cm-super/sfrm0900.pfb></usr/local/texlive/202
0/texmf-dist/fonts/type1/public/cm-super/sfrm1000.pfb></usr/local/texlive/2020/
texmf-dist/fonts/type1/public/cm-super/sfrm1200.pfb></usr/local/texlive/2020/te
xmf-dist/fonts/type1/public/cm-super/sfrm1440.pfb></usr/local/texlive/2020/texm
f-dist/fonts/type1/public/cm-super/sfti0900.pfb></usr/local/texlive/2020/texmf-
dist/fonts/type1/public/cm-super/sfti1000.pfb></usr/local/texlive/2020/texmf-di
st/fonts/type1/public/cm-super/sftt0800.pfb></usr/local/texlive/2020/texmf-dist
/fonts/type1/public/cm-super/sftt1000.pfb>
Output written on Main.pdf (49 pages, 8504265 bytes).
PDF statistics:
 1046 PDF objects out of 1200 (max. 8388607)
 873 compressed objects within 9 object streams
 211 named destinations out of 1000 (max. 500000)
 576 words of extra memory for PDF output out of 10000 (max. 10000000)

